<?xml version="1.0" encoding="UTF-8"?>
<testng-results total="1" passed="1" failed="0" skipped="0">
  <reporter-output>
  </reporter-output>
  <suite started-at="2022-11-15T17:11:23Z" name="Default suite" finished-at="2022-11-15T17:11:29Z" duration-ms="6134">
    <groups>
    </groups>
    <test started-at="2022-11-15T17:11:23Z" name="Default test" finished-at="2022-11-15T17:11:29Z" duration-ms="6134">
      <class name="restassured.ecommerce_api">
        <test-method signature="create_order()[pri:0, instance:restassured.ecommerce_api@1984b1f]" started-at="2022-11-15T22:41:23Z" name="create_order" finished-at="2022-11-15T22:41:29Z" duration-ms="6088" status="PASS">
          <reporter-output>
          </reporter-output>
        </test-method> <!-- create_order -->
      </class> <!-- restassured.ecommerce_api -->
    </test> <!-- Default test -->
  </suite> <!-- Default suite -->
</testng-results>
